<!DOCTYPE html PUBLIC "-//W3C//DTD XHTML 1.1//EN" "https://www.w3.org/TR/xhtml11/DTD/xhtml11.dtd">
<html xmlns="https://www.w3.org/1999/xhtml">
<head>
<meta http-equiv="content-type" content="text/html; charset=UTF-8"/>
<title>TestNG Report</title>
<style type="text/css">table {margin-bottom:10px;border-collapse:collapse;empty-cells:show}th,td {border:1px solid #009;padding:.25em .5em}th {vertical-align:bottom}td {vertical-align:top}table a {font-weight:bold}.stripe td {background-color: #E6EBF9}.num {text-align:right}.passedodd td {background-color: #3F3}.passedeven td {background-color: #0A0}.skippedodd td {background-color: #DDD}.skippedeven td {background-color: #CCC}.failedodd td,.attn {background-color: #F33}.failedeven td,.stripe .attn {background-color: #D00}.stacktrace {white-space:pre;font-family:monospace}.totop {font-size:85%;text-align:center;border-bottom:2px solid #000}.invisible {display:none}</style>
</head>
<body>
<table>
<tr><th>Test</th><th># Passed</th><th># Skipped</th><th># Retried</th><th># Failed</th><th>Time (ms)</th><th>Included Groups</th><th>Excluded Groups</th></tr>
<tr><th colspan="8">DataDrivenSuite</th></tr>
<tr><td><a href="#t0">LoginTest</a></td><td class="num">0</td><td class="num attn">1</td><td class="num">0</td><td class="num">0</td><td class="num">14,874</td><td></td><td></td></tr>
<tr class="stripe"><td><a href="#t1">AddCustomer</a></td><td class="num">0</td><td class="num">0</td><td class="num">0</td><td class="num attn">2</td><td class="num">28,957</td><td></td><td></td></tr>
<tr><td><a href="#t2">OpenAccount</a></td><td class="num">2</td><td class="num attn">1</td><td class="num">0</td><td class="num">0</td><td class="num">31,837</td><td></td><td></td></tr>
<tr><th>Total</th><th class="num">2</th><th class="num attn">2</th><th class="num">0</th><th class="num attn">2</th><th class="num">75,668</th><th colspan="2"></th></tr>
</table>
<table id='summary'><thead><tr><th>Class</th><th>Method</th><th>Start</th><th>Time (ms)</th></tr></thead><tbody><tr><th colspan="4">DataDrivenSuite</th></tr></tbody><tbody id="t0"><tr><th colspan="4">LoginTest &#8212; skipped</th></tr><tr class="skippedeven"><td rowspan="1">testcases.LoginTest</td><td><a href="#m0">managerLogin</a></td><td rowspan="1">1675873665192</td><td rowspan="1">167</td></tr></tbody>
<tbody id="t1"><tr><th colspan="4">AddCustomer &#8212; failed</th></tr><tr class="failedeven"><td rowspan="2">testcases.AddCustomerTest</td><td><a href="#m1">addCustomer</a></td><td rowspan="2">1675873677947</td><td rowspan="2">10627</td></tr><tr class="failedeven"><td><a href="#m2">addCustomer</a></td></tr></tbody>
<tbody id="t2"><tr><th colspan="4">OpenAccount &#8212; skipped</th></tr><tr class="skippedeven"><td rowspan="1">testcases.OpenAccountTest</td><td><a href="#m3">openAccount</a></td><td rowspan="1">1675873726692</td><td rowspan="1">81</td></tr><tr><th colspan="4">OpenAccount &#8212; passed</th></tr><tr class="passedeven"><td rowspan="2">testcases.OpenAccountTest</td><td><a href="#m4">openAccount</a></td><td rowspan="2">1675873711237</td><td rowspan="2">4700</td></tr><tr class="passedeven"><td><a href="#m5">openAccount</a></td></tr></tbody>
</table>
<h2>LoginTest</h2><h3 id="m0">testcases.LoginTest#managerLogin</h3><table class="result"><tr><th>Exception</th></tr><tr><td><div class="stacktrace">org.testng.SkipException: Method skipped
	at testcases.LoginTest.managerLogin(LoginTest.java:29)
	at java.base/java.util.ArrayList.forEach(ArrayList.java:1511)
... Removed 29 stack frames</div></td></tr></table><p class="totop"><a href="#summary">back to summary</a></p>
<h2>AddCustomer</h2><h3 id="m1">testcases.AddCustomerTest#addCustomer</h3><table class="result"><tr class="param"><th>Parameter #1</th><th>Parameter #2</th><th>Parameter #3</th><th>Parameter #4</th><th>Parameter #5</th></tr><tr class="param stripe"><td>test2</td><td>check2</td><td>654321.0</td><td>Customer added successfully with customer id :</td><td>yes</td></tr><tr><th colspan="5">Messages</th></tr><tr><td colspan="5"><div class="messages">Click on Add_Customer_Button<br/>Enter < test2 > in firstname<br/>Enter < check2 > in lastname<br/>Enter < 654321 > in postcode<br/>Click on Add_Customer_Button<br/>test passed<br/><a href=E:\eclipse\Workspace\ProjectOne\test-output\screenshots\addCustomer\Wed_Feb_08_21_58_08_IST_2023.jpg>Screenshot</a><br/><a href=E:\eclipse\Workspace\ProjectOne\test-output\screenshots\addCustomer\Wed_Feb_08_21_58_08_IST_2023.jpg><img src=E:\eclipse\Workspace\ProjectOne\test-output\screenshots\addCustomer\Wed_Feb_08_21_58_08_IST_2023.jpg height=100 width=100></img></a></div></td></tr><tr><th colspan="5">Exception</th></tr><tr><td colspan="5"><div class="stacktrace">java.lang.AssertionError: failed to add customer
	at testcases.AddCustomerTest.addCustomer(AddCustomerTest.java:76)
	at java.base/java.util.ArrayList.forEach(ArrayList.java:1511)
... Removed 30 stack frames</div></td></tr></table><p class="totop"><a href="#summary">back to summary</a></p>
<h3 id="m2">testcases.AddCustomerTest#addCustomer</h3><table class="result"><tr class="param"><th>Parameter #1</th><th>Parameter #2</th><th>Parameter #3</th><th>Parameter #4</th><th>Parameter #5</th></tr><tr class="param stripe"><td>test1</td><td>check1</td><td>123456.0</td><td>Customer added successfully with customer id :</td><td>yes</td></tr><tr><th colspan="5">Messages</th></tr><tr><td colspan="5"><div class="messages">Click on Bank_Manager_Login_Button<br/>Click on Add_Customer_Button<br/>Enter < test1 > in firstname<br/>Enter < check1 > in lastname<br/>Enter < 123456 > in postcode<br/>Click on Add_Customer_Button<br/>test passed<br/><a href=E:\eclipse\Workspace\ProjectOne\test-output\screenshots\addCustomer\Wed_Feb_08_21_57_56_IST_2023.jpg>Screenshot</a><br/><a href=E:\eclipse\Workspace\ProjectOne\test-output\screenshots\addCustomer\Wed_Feb_08_21_57_56_IST_2023.jpg><img src=E:\eclipse\Workspace\ProjectOne\test-output\screenshots\addCustomer\Wed_Feb_08_21_57_56_IST_2023.jpg height=100 width=100></img></a></div></td></tr><tr><th colspan="5">Exception</th></tr><tr><td colspan="5"><div class="stacktrace">java.lang.AssertionError: failed to add customer
	at testcases.AddCustomerTest.addCustomer(AddCustomerTest.java:76)
	at java.base/java.util.ArrayList.forEach(ArrayList.java:1511)
... Removed 30 stack frames</div></td></tr></table><p class="totop"><a href="#summary">back to summary</a></p>
<h2>OpenAccount</h2><h3 id="m3">testcases.OpenAccountTest#openAccount</h3><table class="result"><tr class="param"><th>Parameter #1</th><th>Parameter #2</th><th>Parameter #3</th></tr><tr class="param stripe"><td>test3</td><td>dollar</td><td>no</td></tr><tr><th colspan="3">Exception</th></tr><tr><td colspan="3"><div class="stacktrace">org.testng.SkipException: Test skipped for dataset
	at testcases.OpenAccountTest.openAccount(OpenAccountTest.java:33)
	at java.base/java.util.ArrayList.forEach(ArrayList.java:1511)
... Removed 29 stack frames</div></td></tr></table><p class="totop"><a href="#summary">back to summary</a></p>
<h3 id="m4">testcases.OpenAccountTest#openAccount</h3><table class="result"><tr class="param"><th>Parameter #1</th><th>Parameter #2</th><th>Parameter #3</th></tr><tr class="param stripe"><td>test1</td><td>Rupee</td><td>yes</td></tr><tr><th colspan="3">Messages</th></tr><tr><td colspan="3"><div class="messages">Click on xml.locators.BankManagerButton.xpath<br/>Click on Open_Account_Button<br/>Click on json.locators.OpenAccount.xpath</div></td></tr></table><p class="totop"><a href="#summary">back to summary</a></p>
<h3 id="m5">testcases.OpenAccountTest#openAccount</h3><table class="result"><tr class="param"><th>Parameter #1</th><th>Parameter #2</th><th>Parameter #3</th></tr><tr class="param stripe"><td>test2</td><td>Pound</td><td>yes</td></tr><tr><th colspan="3">Messages</th></tr><tr><td colspan="3"><div class="messages">Click on Open_Account_Button<br/>Click on json.locators.OpenAccount.xpath</div></td></tr></table><p class="totop"><a href="#summary">back to summary</a></p>
</body>
</html>
