<?xml version="1.0" encoding="UTF-8"?>
<testng-results ignored="0" total="6" passed="2" failed="2" skipped="2">
  <reporter-output>
    <line>
      <![CDATA[Click on Bank_Manager_Login_Button]]>
    </line>
    <line>
      <![CDATA[Click on Add_Customer_Button]]>
    </line>
    <line>
      <![CDATA[Enter < test1 > in firstname]]>
    </line>
    <line>
      <![CDATA[Enter < check1 > in lastname]]>
    </line>
    <line>
      <![CDATA[Enter < 123456 > in postcode]]>
    </line>
    <line>
      <![CDATA[Click on Add_Customer_Button]]>
    </line>
    <line>
      <![CDATA[test passed]]>
    </line>
    <line>
      <![CDATA[<a href=E:\eclipse\Workspace\ProjectOne\test-output\screenshots\addCustomer\Wed_Feb_08_21_57_56_IST_2023.jpg>Screenshot</a>]]>
    </line>
    <line>
      <![CDATA[<a href=E:\eclipse\Workspace\ProjectOne\test-output\screenshots\addCustomer\Wed_Feb_08_21_57_56_IST_2023.jpg><img src=E:\eclipse\Workspace\ProjectOne\test-output\screenshots\addCustomer\Wed_Feb_08_21_57_56_IST_2023.jpg height=100 width=100></img></a>]]>
    </line>
    <line>
      <![CDATA[Click on Add_Customer_Button]]>
    </line>
    <line>
      <![CDATA[Enter < test2 > in firstname]]>
    </line>
    <line>
      <![CDATA[Enter < check2 > in lastname]]>
    </line>
    <line>
      <![CDATA[Enter < 654321 > in postcode]]>
    </line>
    <line>
      <![CDATA[Click on Add_Customer_Button]]>
    </line>
    <line>
      <![CDATA[test passed]]>
    </line>
    <line>
      <![CDATA[<a href=E:\eclipse\Workspace\ProjectOne\test-output\screenshots\addCustomer\Wed_Feb_08_21_58_08_IST_2023.jpg>Screenshot</a>]]>
    </line>
    <line>
      <![CDATA[<a href=E:\eclipse\Workspace\ProjectOne\test-output\screenshots\addCustomer\Wed_Feb_08_21_58_08_IST_2023.jpg><img src=E:\eclipse\Workspace\ProjectOne\test-output\screenshots\addCustomer\Wed_Feb_08_21_58_08_IST_2023.jpg height=100 width=100></img></a>]]>
    </line>
    <line>
      <![CDATA[Click on xml.locators.BankManagerButton.xpath]]>
    </line>
    <line>
      <![CDATA[Click on Open_Account_Button]]>
    </line>
    <line>
      <![CDATA[Click on json.locators.OpenAccount.xpath]]>
    </line>
    <line>
      <![CDATA[Click on Open_Account_Button]]>
    </line>
    <line>
      <![CDATA[Click on json.locators.OpenAccount.xpath]]>
    </line>
  </reporter-output>
  <suite started-at="2023-02-08T21:57:31 IST" name="DataDrivenSuite" finished-at="2023-02-08T21:58:47 IST" duration-ms="76341">
    <groups>
    </groups>
    <test started-at="2023-02-08T21:57:31 IST" name="LoginTest" finished-at="2023-02-08T21:57:46 IST" duration-ms="14874">
      <class name="testcases.LoginTest">
        <test-method is-config="true" signature="setUp(java.lang.String)[pri:0, instance:testcases.LoginTest@57d7f8ca]" started-at="2023-02-08T21:57:31 IST" name="setUp" finished-at="2023-02-08T21:57:43 IST" duration-ms="12561" status="PASS">
          <params>
            <param index="0">
              <value>
                <![CDATA[edge]]>
              </value>
            </param>
          </params>
          <reporter-output>
          </reporter-output>
        </test-method> <!-- setUp -->
        <test-method is-config="true" signature="excelFileSetup()[pri:0, instance:testcases.LoginTest@57d7f8ca]" started-at="2023-02-08T21:57:43 IST" name="excelFileSetup" finished-at="2023-02-08T21:57:45 IST" depends-on-methods="base.TestBase.setUp" duration-ms="1405" status="PASS">
          <reporter-output>
          </reporter-output>
        </test-method> <!-- excelFileSetup -->
        <test-method is-config="true" signature="context(org.testng.ITestContext)[pri:0, instance:testcases.LoginTest@57d7f8ca]" started-at="2023-02-08T21:57:45 IST" name="context" finished-at="2023-02-08T21:57:45 IST" depends-on-methods="base.TestBase.excelFileSetup" duration-ms="2" status="PASS">
          <params>
            <param index="0">
              <value>
                <![CDATA[org.testng.TestRunner@448c92fc]]>
              </value>
            </param>
          </params>
          <reporter-output>
          </reporter-output>
        </test-method> <!-- context -->
        <test-method signature="managerLogin()[pri:0, instance:testcases.LoginTest@57d7f8ca]" started-at="2023-02-08T21:57:45 IST" name="managerLogin" finished-at="2023-02-08T21:57:45 IST" duration-ms="167" status="SKIP">
          <exception class="org.testng.SkipException">
            <message>
              <![CDATA[Method skipped]]>
            </message>
            <full-stacktrace>
              <![CDATA[org.testng.SkipException: Method skipped
at testcases.LoginTest.managerLogin(LoginTest.java:29)
at java.base/jdk.internal.reflect.DirectMethodHandleAccessor.invoke(DirectMethodHandleAccessor.java:104)
at java.base/java.lang.reflect.Method.invoke(Method.java:578)
at org.testng.internal.invokers.MethodInvocationHelper.invokeMethod(MethodInvocationHelper.java:139)
at org.testng.internal.invokers.TestInvoker.invokeMethod(TestInvoker.java:677)
at org.testng.internal.invokers.TestInvoker.invokeTestMethod(TestInvoker.java:221)
at org.testng.internal.invokers.MethodRunner.runInSequence(MethodRunner.java:50)
at org.testng.internal.invokers.TestInvoker$MethodInvocationAgent.invoke(TestInvoker.java:969)
at org.testng.internal.invokers.TestInvoker.invokeTestMethods(TestInvoker.java:194)
at org.testng.internal.invokers.TestMethodWorker.invokeTestMethods(TestMethodWorker.java:148)
at org.testng.internal.invokers.TestMethodWorker.run(TestMethodWorker.java:128)
at java.base/java.util.ArrayList.forEach(ArrayList.java:1511)
at org.testng.TestRunner.privateRun(TestRunner.java:829)
at org.testng.TestRunner.run(TestRunner.java:602)
at org.testng.SuiteRunner.runTest(SuiteRunner.java:437)
at org.testng.SuiteRunner.runSequentially(SuiteRunner.java:431)
at org.testng.SuiteRunner.privateRun(SuiteRunner.java:391)
at org.testng.SuiteRunner.run(SuiteRunner.java:330)
at org.testng.SuiteRunnerWorker.runSuite(SuiteRunnerWorker.java:52)
at org.testng.SuiteRunnerWorker.run(SuiteRunnerWorker.java:95)
at org.testng.TestNG.runSuitesSequentially(TestNG.java:1256)
at org.testng.TestNG.runSuitesLocally(TestNG.java:1176)
at org.testng.TestNG.runSuites(TestNG.java:1099)
at org.testng.TestNG.run(TestNG.java:1067)
at org.apache.maven.surefire.testng.TestNGExecutor.run(TestNGExecutor.java:324)
at org.apache.maven.surefire.testng.TestNGXmlTestSuite.execute(TestNGXmlTestSuite.java:74)
at org.apache.maven.surefire.testng.TestNGProvider.invoke(TestNGProvider.java:123)
at org.apache.maven.surefire.booter.ForkedBooter.runSuitesInProcess(ForkedBooter.java:456)
at org.apache.maven.surefire.booter.ForkedBooter.execute(ForkedBooter.java:169)
at org.apache.maven.surefire.booter.ForkedBooter.run(ForkedBooter.java:595)
at org.apache.maven.surefire.booter.ForkedBooter.main(ForkedBooter.java:581)
]]>
            </full-stacktrace>
          </exception> <!-- org.testng.SkipException -->
          <reporter-output>
          </reporter-output>
        </test-method> <!-- managerLogin -->
        <test-method is-config="true" signature="tearDown()[pri:0, instance:testcases.LoginTest@57d7f8ca]" started-at="2023-02-08T21:57:45 IST" name="tearDown" finished-at="2023-02-08T21:57:46 IST" duration-ms="679" status="PASS">
          <reporter-output>
          </reporter-output>
        </test-method> <!-- tearDown -->
      </class> <!-- testcases.LoginTest -->
    </test> <!-- LoginTest -->
    <test started-at="2023-02-08T21:57:46 IST" name="AddCustomer" finished-at="2023-02-08T21:58:15 IST" duration-ms="28957">
      <class name="testcases.AddCustomerTest">
        <test-method is-config="true" signature="setUp(java.lang.String)[pri:0, instance:testcases.AddCustomerTest@2c35e847]" started-at="2023-02-08T21:57:46 IST" name="setUp" finished-at="2023-02-08T21:57:55 IST" duration-ms="8442" status="PASS">
          <params>
            <param index="0">
              <value>
                <![CDATA[edge]]>
              </value>
            </param>
          </params>
          <reporter-output>
          </reporter-output>
        </test-method> <!-- setUp -->
        <test-method is-config="true" signature="excelFileSetup()[pri:0, instance:testcases.AddCustomerTest@2c35e847]" started-at="2023-02-08T21:57:55 IST" name="excelFileSetup" finished-at="2023-02-08T21:57:55 IST" depends-on-methods="base.TestBase.setUp" duration-ms="78" status="PASS">
          <reporter-output>
          </reporter-output>
        </test-method> <!-- excelFileSetup -->
        <test-method is-config="true" signature="context(org.testng.ITestContext)[pri:0, instance:testcases.AddCustomerTest@2c35e847]" started-at="2023-02-08T21:57:55 IST" name="context" finished-at="2023-02-08T21:57:55 IST" depends-on-methods="base.TestBase.excelFileSetup" duration-ms="0" status="PASS">
          <params>
            <param index="0">
              <value>
                <![CDATA[org.testng.TestRunner@251c8145]]>
              </value>
            </param>
          </params>
          <reporter-output>
          </reporter-output>
        </test-method> <!-- context -->
        <test-method signature="addCustomer(java.lang.String,java.lang.String,java.lang.Double,java.lang.String,java.lang.String)[pri:0, instance:testcases.AddCustomerTest@2c35e847]" started-at="2023-02-08T21:57:55 IST" name="addCustomer" data-provider="dataprovider" finished-at="2023-02-08T21:57:56 IST" duration-ms="1369" status="FAIL">
          <params>
            <param index="0">
              <value>
                <![CDATA[test1]]>
              </value>
            </param>
            <param index="1">
              <value>
                <![CDATA[check1]]>
              </value>
            </param>
            <param index="2">
              <value>
                <![CDATA[123456.0]]>
              </value>
            </param>
            <param index="3">
              <value>
                <![CDATA[Customer added successfully with customer id :]]>
              </value>
            </param>
            <param index="4">
              <value>
                <![CDATA[yes]]>
              </value>
            </param>
          </params>
          <exception class="java.lang.AssertionError">
            <message>
              <![CDATA[failed to add customer]]>
            </message>
            <full-stacktrace>
              <![CDATA[java.lang.AssertionError: failed to add customer
at org.testng.Assert.fail(Assert.java:110)
at testcases.AddCustomerTest.addCustomer(AddCustomerTest.java:76)
at java.base/jdk.internal.reflect.DirectMethodHandleAccessor.invoke(DirectMethodHandleAccessor.java:104)
at java.base/java.lang.reflect.Method.invoke(Method.java:578)
at org.testng.internal.invokers.MethodInvocationHelper.invokeMethod(MethodInvocationHelper.java:139)
at org.testng.internal.invokers.TestInvoker.invokeMethod(TestInvoker.java:677)
at org.testng.internal.invokers.TestInvoker.invokeTestMethod(TestInvoker.java:221)
at org.testng.internal.invokers.MethodRunner.runInSequence(MethodRunner.java:50)
at org.testng.internal.invokers.TestInvoker$MethodInvocationAgent.invoke(TestInvoker.java:969)
at org.testng.internal.invokers.TestInvoker.invokeTestMethods(TestInvoker.java:194)
at org.testng.internal.invokers.TestMethodWorker.invokeTestMethods(TestMethodWorker.java:148)
at org.testng.internal.invokers.TestMethodWorker.run(TestMethodWorker.java:128)
at java.base/java.util.ArrayList.forEach(ArrayList.java:1511)
at org.testng.TestRunner.privateRun(TestRunner.java:829)
at org.testng.TestRunner.run(TestRunner.java:602)
at org.testng.SuiteRunner.runTest(SuiteRunner.java:437)
at org.testng.SuiteRunner.runSequentially(SuiteRunner.java:431)
at org.testng.SuiteRunner.privateRun(SuiteRunner.java:391)
at org.testng.SuiteRunner.run(SuiteRunner.java:330)
at org.testng.SuiteRunnerWorker.runSuite(SuiteRunnerWorker.java:52)
at org.testng.SuiteRunnerWorker.run(SuiteRunnerWorker.java:95)
at org.testng.TestNG.runSuitesSequentially(TestNG.java:1256)
at org.testng.TestNG.runSuitesLocally(TestNG.java:1176)
at org.testng.TestNG.runSuites(TestNG.java:1099)
at org.testng.TestNG.run(TestNG.java:1067)
at org.apache.maven.surefire.testng.TestNGExecutor.run(TestNGExecutor.java:324)
at org.apache.maven.surefire.testng.TestNGXmlTestSuite.execute(TestNGXmlTestSuite.java:74)
at org.apache.maven.surefire.testng.TestNGProvider.invoke(TestNGProvider.java:123)
at org.apache.maven.surefire.booter.ForkedBooter.runSuitesInProcess(ForkedBooter.java:456)
at org.apache.maven.surefire.booter.ForkedBooter.execute(ForkedBooter.java:169)
at org.apache.maven.surefire.booter.ForkedBooter.run(ForkedBooter.java:595)
at org.apache.maven.surefire.booter.ForkedBooter.main(ForkedBooter.java:581)
]]>
            </full-stacktrace>
          </exception> <!-- java.lang.AssertionError -->
          <reporter-output>
            <line>
              <![CDATA[Click on Bank_Manager_Login_Button]]>
            </line>
            <line>
              <![CDATA[Click on Add_Customer_Button]]>
            </line>
            <line>
              <![CDATA[Enter < test1 > in firstname]]>
            </line>
            <line>
              <![CDATA[Enter < check1 > in lastname]]>
            </line>
            <line>
              <![CDATA[Enter < 123456 > in postcode]]>
            </line>
            <line>
              <![CDATA[Click on Add_Customer_Button]]>
            </line>
            <line>
              <![CDATA[test passed]]>
            </line>
            <line>
              <![CDATA[<a href=E:\eclipse\Workspace\ProjectOne\test-output\screenshots\addCustomer\Wed_Feb_08_21_57_56_IST_2023.jpg>Screenshot</a>]]>
            </line>
            <line>
              <![CDATA[<a href=E:\eclipse\Workspace\ProjectOne\test-output\screenshots\addCustomer\Wed_Feb_08_21_57_56_IST_2023.jpg><img src=E:\eclipse\Workspace\ProjectOne\test-output\screenshots\addCustomer\Wed_Feb_08_21_57_56_IST_2023.jpg height=100 width=100></img></a>]]>
            </line>
          </reporter-output>
        </test-method> <!-- addCustomer -->
        <test-method signature="addCustomer(java.lang.String,java.lang.String,java.lang.Double,java.lang.String,java.lang.String)[pri:0, instance:testcases.AddCustomerTest@2c35e847]" started-at="2023-02-08T21:57:57 IST" name="addCustomer" data-provider="dataprovider" finished-at="2023-02-08T21:58:08 IST" duration-ms="10627" status="FAIL">
          <params>
            <param index="0">
              <value>
                <![CDATA[test2]]>
              </value>
            </param>
            <param index="1">
              <value>
                <![CDATA[check2]]>
              </value>
            </param>
            <param index="2">
              <value>
                <![CDATA[654321.0]]>
              </value>
            </param>
            <param index="3">
              <value>
                <![CDATA[Customer added successfully with customer id :]]>
              </value>
            </param>
            <param index="4">
              <value>
                <![CDATA[yes]]>
              </value>
            </param>
          </params>
          <exception class="java.lang.AssertionError">
            <message>
              <![CDATA[failed to add customer]]>
            </message>
            <full-stacktrace>
              <![CDATA[java.lang.AssertionError: failed to add customer
at org.testng.Assert.fail(Assert.java:110)
at testcases.AddCustomerTest.addCustomer(AddCustomerTest.java:76)
at java.base/jdk.internal.reflect.DirectMethodHandleAccessor.invoke(DirectMethodHandleAccessor.java:104)
at java.base/java.lang.reflect.Method.invoke(Method.java:578)
at org.testng.internal.invokers.MethodInvocationHelper.invokeMethod(MethodInvocationHelper.java:139)
at org.testng.internal.invokers.TestInvoker.invokeMethod(TestInvoker.java:677)
at org.testng.internal.invokers.TestInvoker.invokeTestMethod(TestInvoker.java:221)
at org.testng.internal.invokers.MethodRunner.runInSequence(MethodRunner.java:50)
at org.testng.internal.invokers.TestInvoker$MethodInvocationAgent.invoke(TestInvoker.java:969)
at org.testng.internal.invokers.TestInvoker.invokeTestMethods(TestInvoker.java:194)
at org.testng.internal.invokers.TestMethodWorker.invokeTestMethods(TestMethodWorker.java:148)
at org.testng.internal.invokers.TestMethodWorker.run(TestMethodWorker.java:128)
at java.base/java.util.ArrayList.forEach(ArrayList.java:1511)
at org.testng.TestRunner.privateRun(TestRunner.java:829)
at org.testng.TestRunner.run(TestRunner.java:602)
at org.testng.SuiteRunner.runTest(SuiteRunner.java:437)
at org.testng.SuiteRunner.runSequentially(SuiteRunner.java:431)
at org.testng.SuiteRunner.privateRun(SuiteRunner.java:391)
at org.testng.SuiteRunner.run(SuiteRunner.java:330)
at org.testng.SuiteRunnerWorker.runSuite(SuiteRunnerWorker.java:52)
at org.testng.SuiteRunnerWorker.run(SuiteRunnerWorker.java:95)
at org.testng.TestNG.runSuitesSequentially(TestNG.java:1256)
at org.testng.TestNG.runSuitesLocally(TestNG.java:1176)
at org.testng.TestNG.runSuites(TestNG.java:1099)
at org.testng.TestNG.run(TestNG.java:1067)
at org.apache.maven.surefire.testng.TestNGExecutor.run(TestNGExecutor.java:324)
at org.apache.maven.surefire.testng.TestNGXmlTestSuite.execute(TestNGXmlTestSuite.java:74)
at org.apache.maven.surefire.testng.TestNGProvider.invoke(TestNGProvider.java:123)
at org.apache.maven.surefire.booter.ForkedBooter.runSuitesInProcess(ForkedBooter.java:456)
at org.apache.maven.surefire.booter.ForkedBooter.execute(ForkedBooter.java:169)
at org.apache.maven.surefire.booter.ForkedBooter.run(ForkedBooter.java:595)
at org.apache.maven.surefire.booter.ForkedBooter.main(ForkedBooter.java:581)
]]>
            </full-stacktrace>
          </exception> <!-- java.lang.AssertionError -->
          <reporter-output>
            <line>
              <![CDATA[Click on Add_Customer_Button]]>
            </line>
            <line>
              <![CDATA[Enter < test2 > in firstname]]>
            </line>
            <line>
              <![CDATA[Enter < check2 > in lastname]]>
            </line>
            <line>
              <![CDATA[Enter < 654321 > in postcode]]>
            </line>
            <line>
              <![CDATA[Click on Add_Customer_Button]]>
            </line>
            <line>
              <![CDATA[test passed]]>
            </line>
            <line>
              <![CDATA[<a href=E:\eclipse\Workspace\ProjectOne\test-output\screenshots\addCustomer\Wed_Feb_08_21_58_08_IST_2023.jpg>Screenshot</a>]]>
            </line>
            <line>
              <![CDATA[<a href=E:\eclipse\Workspace\ProjectOne\test-output\screenshots\addCustomer\Wed_Feb_08_21_58_08_IST_2023.jpg><img src=E:\eclipse\Workspace\ProjectOne\test-output\screenshots\addCustomer\Wed_Feb_08_21_58_08_IST_2023.jpg height=100 width=100></img></a>]]>
            </line>
          </reporter-output>
        </test-method> <!-- addCustomer -->
        <test-method is-config="true" signature="tearDown()[pri:0, instance:testcases.AddCustomerTest@2c35e847]" started-at="2023-02-08T21:58:08 IST" name="tearDown" finished-at="2023-02-08T21:58:15 IST" duration-ms="6677" status="PASS">
          <reporter-output>
          </reporter-output>
        </test-method> <!-- tearDown -->
      </class> <!-- testcases.AddCustomerTest -->
    </test> <!-- AddCustomer -->
    <test started-at="2023-02-08T21:58:15 IST" name="OpenAccount" finished-at="2023-02-08T21:58:47 IST" duration-ms="31837">
      <class name="testcases.OpenAccountTest">
        <test-method is-config="true" signature="setUp(java.lang.String)[pri:0, instance:testcases.OpenAccountTest@306e95ec]" started-at="2023-02-08T21:58:15 IST" name="setUp" finished-at="2023-02-08T21:58:31 IST" duration-ms="15429" status="PASS">
          <params>
            <param index="0">
              <value>
                <![CDATA[edge]]>
              </value>
            </param>
          </params>
          <reporter-output>
          </reporter-output>
        </test-method> <!-- setUp -->
        <test-method is-config="true" signature="excelFileSetup()[pri:0, instance:testcases.OpenAccountTest@306e95ec]" started-at="2023-02-08T21:58:31 IST" name="excelFileSetup" finished-at="2023-02-08T21:58:31 IST" depends-on-methods="base.TestBase.setUp" duration-ms="65" status="PASS">
          <reporter-output>
          </reporter-output>
        </test-method> <!-- excelFileSetup -->
        <test-method is-config="true" signature="context(org.testng.ITestContext)[pri:0, instance:testcases.OpenAccountTest@306e95ec]" started-at="2023-02-08T21:58:31 IST" name="context" finished-at="2023-02-08T21:58:31 IST" depends-on-methods="base.TestBase.excelFileSetup" duration-ms="0" status="PASS">
          <params>
            <param index="0">
              <value>
                <![CDATA[org.testng.TestRunner@17c0274c]]>
              </value>
            </param>
          </params>
          <reporter-output>
          </reporter-output>
        </test-method> <!-- context -->
        <test-method signature="openAccount(java.lang.String,java.lang.String,java.lang.String)[pri:0, instance:testcases.OpenAccountTest@306e95ec]" started-at="2023-02-08T21:58:31 IST" name="openAccount" data-provider="dataprovider" finished-at="2023-02-08T21:58:35 IST" duration-ms="4700" status="PASS">
          <params>
            <param index="0">
              <value>
                <![CDATA[test1]]>
              </value>
            </param>
            <param index="1">
              <value>
                <![CDATA[Rupee]]>
              </value>
            </param>
            <param index="2">
              <value>
                <![CDATA[yes]]>
              </value>
            </param>
          </params>
          <reporter-output>
            <line>
              <![CDATA[Click on xml.locators.BankManagerButton.xpath]]>
            </line>
            <line>
              <![CDATA[Click on Open_Account_Button]]>
            </line>
            <line>
              <![CDATA[Click on json.locators.OpenAccount.xpath]]>
            </line>
          </reporter-output>
        </test-method> <!-- openAccount -->
        <test-method signature="openAccount(java.lang.String,java.lang.String,java.lang.String)[pri:0, instance:testcases.OpenAccountTest@306e95ec]" started-at="2023-02-08T21:58:35 IST" name="openAccount" data-provider="dataprovider" finished-at="2023-02-08T21:58:46 IST" duration-ms="10752" status="PASS">
          <params>
            <param index="0">
              <value>
                <![CDATA[test2]]>
              </value>
            </param>
            <param index="1">
              <value>
                <![CDATA[Pound]]>
              </value>
            </param>
            <param index="2">
              <value>
                <![CDATA[yes]]>
              </value>
            </param>
          </params>
          <reporter-output>
            <line>
              <![CDATA[Click on Open_Account_Button]]>
            </line>
            <line>
              <![CDATA[Click on json.locators.OpenAccount.xpath]]>
            </line>
          </reporter-output>
        </test-method> <!-- openAccount -->
        <test-method signature="openAccount(java.lang.String,java.lang.String,java.lang.String)[pri:0, instance:testcases.OpenAccountTest@306e95ec]" started-at="2023-02-08T21:58:46 IST" name="openAccount" data-provider="dataprovider" finished-at="2023-02-08T21:58:46 IST" duration-ms="81" status="SKIP">
          <params>
            <param index="0">
              <value>
                <![CDATA[test3]]>
              </value>
            </param>
            <param index="1">
              <value>
                <![CDATA[dollar]]>
              </value>
            </param>
            <param index="2">
              <value>
                <![CDATA[no]]>
              </value>
            </param>
          </params>
          <exception class="org.testng.SkipException">
            <message>
              <![CDATA[Test skipped for dataset]]>
            </message>
            <full-stacktrace>
              <![CDATA[org.testng.SkipException: Test skipped for dataset
at testcases.OpenAccountTest.openAccount(OpenAccountTest.java:33)
at java.base/jdk.internal.reflect.DirectMethodHandleAccessor.invoke(DirectMethodHandleAccessor.java:104)
at java.base/java.lang.reflect.Method.invoke(Method.java:578)
at org.testng.internal.invokers.MethodInvocationHelper.invokeMethod(MethodInvocationHelper.java:139)
at org.testng.internal.invokers.TestInvoker.invokeMethod(TestInvoker.java:677)
at org.testng.internal.invokers.TestInvoker.invokeTestMethod(TestInvoker.java:221)
at org.testng.internal.invokers.MethodRunner.runInSequence(MethodRunner.java:50)
at org.testng.internal.invokers.TestInvoker$MethodInvocationAgent.invoke(TestInvoker.java:969)
at org.testng.internal.invokers.TestInvoker.invokeTestMethods(TestInvoker.java:194)
at org.testng.internal.invokers.TestMethodWorker.invokeTestMethods(TestMethodWorker.java:148)
at org.testng.internal.invokers.TestMethodWorker.run(TestMethodWorker.java:128)
at java.base/java.util.ArrayList.forEach(ArrayList.java:1511)
at org.testng.TestRunner.privateRun(TestRunner.java:829)
at org.testng.TestRunner.run(TestRunner.java:602)
at org.testng.SuiteRunner.runTest(SuiteRunner.java:437)
at org.testng.SuiteRunner.runSequentially(SuiteRunner.java:431)
at org.testng.SuiteRunner.privateRun(SuiteRunner.java:391)
at org.testng.SuiteRunner.run(SuiteRunner.java:330)
at org.testng.SuiteRunnerWorker.runSuite(SuiteRunnerWorker.java:52)
at org.testng.SuiteRunnerWorker.run(SuiteRunnerWorker.java:95)
at org.testng.TestNG.runSuitesSequentially(TestNG.java:1256)
at org.testng.TestNG.runSuitesLocally(TestNG.java:1176)
at org.testng.TestNG.runSuites(TestNG.java:1099)
at org.testng.TestNG.run(TestNG.java:1067)
at org.apache.maven.surefire.testng.TestNGExecutor.run(TestNGExecutor.java:324)
at org.apache.maven.surefire.testng.TestNGXmlTestSuite.execute(TestNGXmlTestSuite.java:74)
at org.apache.maven.surefire.testng.TestNGProvider.invoke(TestNGProvider.java:123)
at org.apache.maven.surefire.booter.ForkedBooter.runSuitesInProcess(ForkedBooter.java:456)
at org.apache.maven.surefire.booter.ForkedBooter.execute(ForkedBooter.java:169)
at org.apache.maven.surefire.booter.ForkedBooter.run(ForkedBooter.java:595)
at org.apache.maven.surefire.booter.ForkedBooter.main(ForkedBooter.java:581)
]]>
            </full-stacktrace>
          </exception> <!-- org.testng.SkipException -->
          <reporter-output>
          </reporter-output>
        </test-method> <!-- openAccount -->
        <test-method is-config="true" signature="tearDown()[pri:0, instance:testcases.OpenAccountTest@306e95ec]" started-at="2023-02-08T21:58:46 IST" name="tearDown" finished-at="2023-02-08T21:58:47 IST" duration-ms="737" status="PASS">
          <reporter-output>
          </reporter-output>
        </test-method> <!-- tearDown -->
      </class> <!-- testcases.OpenAccountTest -->
    </test> <!-- OpenAccount -->
  </suite> <!-- DataDrivenSuite -->
</testng-results>
