<?xml version="1.0" encoding="UTF-8"?>
<testng-results ignored="0" total="6" passed="2" failed="2" skipped="2">
  <reporter-output>
    <line>
      <![CDATA[Click on Bank_Manager_Login_Button]]>
    </line>
    <line>
      <![CDATA[Click on Add_Customer_Button]]>
    </line>
    <line>
      <![CDATA[Enter < test1 > in firstname]]>
    </line>
    <line>
      <![CDATA[Enter < check1 > in lastname]]>
    </line>
    <line>
      <![CDATA[Enter < 123456 > in postcode]]>
    </line>
    <line>
      <![CDATA[Click on Add_Customer_Button]]>
    </line>
    <line>
      <![CDATA[test passed]]>
    </line>
    <line>
      <![CDATA[<a href=E:\eclipse\Workspace\ProjectOne\test-output\screenshots\addCustomer\Wed_Feb_08_17_19_12_IST_2023.jpg>Screenshot</a>]]>
    </line>
    <line>
      <![CDATA[<a href=E:\eclipse\Workspace\ProjectOne\test-output\screenshots\addCustomer\Wed_Feb_08_17_19_12_IST_2023.jpg><img src=E:\eclipse\Workspace\ProjectOne\test-output\screenshots\addCustomer\Wed_Feb_08_17_19_12_IST_2023.jpg height=100 width=100></img></a>]]>
    </line>
    <line>
      <![CDATA[Click on Add_Customer_Button]]>
    </line>
    <line>
      <![CDATA[Enter < test2 > in firstname]]>
    </line>
    <line>
      <![CDATA[Enter < check2 > in lastname]]>
    </line>
    <line>
      <![CDATA[Enter < 654321 > in postcode]]>
    </line>
    <line>
      <![CDATA[Click on Add_Customer_Button]]>
    </line>
    <line>
      <![CDATA[test passed]]>
    </line>
    <line>
      <![CDATA[<a href=E:\eclipse\Workspace\ProjectOne\test-output\screenshots\addCustomer\Wed_Feb_08_17_19_23_IST_2023.jpg>Screenshot</a>]]>
    </line>
    <line>
      <![CDATA[<a href=E:\eclipse\Workspace\ProjectOne\test-output\screenshots\addCustomer\Wed_Feb_08_17_19_23_IST_2023.jpg><img src=E:\eclipse\Workspace\ProjectOne\test-output\screenshots\addCustomer\Wed_Feb_08_17_19_23_IST_2023.jpg height=100 width=100></img></a>]]>
    </line>
    <line>
      <![CDATA[Click on Open_Account_Button]]>
    </line>
    <line>
      <![CDATA[Click on json.locators.OpenAccount.xpath]]>
    </line>
    <line>
      <![CDATA[Click on Open_Account_Button]]>
    </line>
    <line>
      <![CDATA[Click on json.locators.OpenAccount.xpath]]>
    </line>
  </reporter-output>
  <suite started-at="2023-02-08T17:18:48 IST" name="DataDrivenSuite" finished-at="2023-02-08T17:19:46 IST" duration-ms="58001">
    <groups>
    </groups>
    <test started-at="2023-02-08T17:18:48 IST" name="LoginTest" finished-at="2023-02-08T17:19:00 IST" duration-ms="11597">
      <class name="testcases.LoginTest">
        <test-method is-config="true" signature="setUp(java.lang.String)[pri:0, instance:testcases.LoginTest@66f57048]" started-at="2023-02-08T17:18:48 IST" name="setUp" finished-at="2023-02-08T17:18:58 IST" duration-ms="9795" status="PASS">
          <params>
            <param index="0">
              <value>
                <![CDATA[edge]]>
              </value>
            </param>
          </params>
          <reporter-output>
          </reporter-output>
        </test-method> <!-- setUp -->
        <test-method is-config="true" signature="excelFileSetup()[pri:0, instance:testcases.LoginTest@66f57048]" started-at="2023-02-08T17:18:58 IST" name="excelFileSetup" finished-at="2023-02-08T17:18:59 IST" depends-on-methods="base.TestBase.setUp" duration-ms="958" status="PASS">
          <reporter-output>
          </reporter-output>
        </test-method> <!-- excelFileSetup -->
        <test-method is-config="true" signature="context(org.testng.ITestContext)[pri:0, instance:testcases.LoginTest@66f57048]" started-at="2023-02-08T17:18:59 IST" name="context" finished-at="2023-02-08T17:18:59 IST" depends-on-methods="base.TestBase.excelFileSetup" duration-ms="2" status="PASS">
          <params>
            <param index="0">
              <value>
                <![CDATA[org.testng.TestRunner@2aa14ae6]]>
              </value>
            </param>
          </params>
          <reporter-output>
          </reporter-output>
        </test-method> <!-- context -->
        <test-method signature="managerLogin()[pri:0, instance:testcases.LoginTest@66f57048]" started-at="2023-02-08T17:18:59 IST" name="managerLogin" finished-at="2023-02-08T17:18:59 IST" duration-ms="206" status="SKIP">
          <exception class="org.testng.SkipException">
            <message>
              <![CDATA[Method skipped]]>
            </message>
            <full-stacktrace>
              <![CDATA[org.testng.SkipException: Method skipped
at testcases.LoginTest.managerLogin(LoginTest.java:30)
at java.base/jdk.internal.reflect.DirectMethodHandleAccessor.invoke(DirectMethodHandleAccessor.java:104)
at java.base/java.lang.reflect.Method.invoke(Method.java:578)
at org.testng.internal.invokers.MethodInvocationHelper.invokeMethod(MethodInvocationHelper.java:139)
at org.testng.internal.invokers.TestInvoker.invokeMethod(TestInvoker.java:677)
at org.testng.internal.invokers.TestInvoker.invokeTestMethod(TestInvoker.java:221)
at org.testng.internal.invokers.MethodRunner.runInSequence(MethodRunner.java:50)
at org.testng.internal.invokers.TestInvoker$MethodInvocationAgent.invoke(TestInvoker.java:969)
at org.testng.internal.invokers.TestInvoker.invokeTestMethods(TestInvoker.java:194)
at org.testng.internal.invokers.TestMethodWorker.invokeTestMethods(TestMethodWorker.java:148)
at org.testng.internal.invokers.TestMethodWorker.run(TestMethodWorker.java:128)
at java.base/java.util.ArrayList.forEach(ArrayList.java:1511)
at org.testng.TestRunner.privateRun(TestRunner.java:829)
at org.testng.TestRunner.run(TestRunner.java:602)
at org.testng.SuiteRunner.runTest(SuiteRunner.java:437)
at org.testng.SuiteRunner.runSequentially(SuiteRunner.java:431)
at org.testng.SuiteRunner.privateRun(SuiteRunner.java:391)
at org.testng.SuiteRunner.run(SuiteRunner.java:330)
at org.testng.SuiteRunnerWorker.runSuite(SuiteRunnerWorker.java:52)
at org.testng.SuiteRunnerWorker.run(SuiteRunnerWorker.java:95)
at org.testng.TestNG.runSuitesSequentially(TestNG.java:1256)
at org.testng.TestNG.runSuitesLocally(TestNG.java:1176)
at org.testng.TestNG.runSuites(TestNG.java:1099)
at org.testng.TestNG.run(TestNG.java:1067)
at org.testng.remote.AbstractRemoteTestNG.run(AbstractRemoteTestNG.java:115)
at org.testng.remote.RemoteTestNG.initAndRun(RemoteTestNG.java:251)
at org.testng.remote.RemoteTestNG.main(RemoteTestNG.java:77)
]]>
            </full-stacktrace>
          </exception> <!-- org.testng.SkipException -->
          <reporter-output>
          </reporter-output>
        </test-method> <!-- managerLogin -->
        <test-method is-config="true" signature="tearDown()[pri:0, instance:testcases.LoginTest@66f57048]" started-at="2023-02-08T17:18:59 IST" name="tearDown" finished-at="2023-02-08T17:19:00 IST" duration-ms="572" status="PASS">
          <reporter-output>
          </reporter-output>
        </test-method> <!-- tearDown -->
      </class> <!-- testcases.LoginTest -->
    </test> <!-- LoginTest -->
    <test started-at="2023-02-08T17:19:00 IST" name="AddCustomer" finished-at="2023-02-08T17:19:24 IST" duration-ms="23802">
      <class name="testcases.AddCustomerTest">
        <test-method is-config="true" signature="setUp(java.lang.String)[pri:0, instance:testcases.AddCustomerTest@52719fb6]" started-at="2023-02-08T17:19:00 IST" name="setUp" finished-at="2023-02-08T17:19:07 IST" duration-ms="6246" status="PASS">
          <params>
            <param index="0">
              <value>
                <![CDATA[edge]]>
              </value>
            </param>
          </params>
          <reporter-output>
          </reporter-output>
        </test-method> <!-- setUp -->
        <test-method is-config="true" signature="excelFileSetup()[pri:0, instance:testcases.AddCustomerTest@52719fb6]" started-at="2023-02-08T17:19:07 IST" name="excelFileSetup" finished-at="2023-02-08T17:19:07 IST" depends-on-methods="base.TestBase.setUp" duration-ms="80" status="PASS">
          <reporter-output>
          </reporter-output>
        </test-method> <!-- excelFileSetup -->
        <test-method is-config="true" signature="context(org.testng.ITestContext)[pri:0, instance:testcases.AddCustomerTest@52719fb6]" started-at="2023-02-08T17:19:07 IST" name="context" finished-at="2023-02-08T17:19:07 IST" depends-on-methods="base.TestBase.excelFileSetup" duration-ms="1" status="PASS">
          <params>
            <param index="0">
              <value>
                <![CDATA[org.testng.TestRunner@4be490da]]>
              </value>
            </param>
          </params>
          <reporter-output>
          </reporter-output>
        </test-method> <!-- context -->
        <test-method signature="addCustomer(java.lang.String,java.lang.String,java.lang.Double,java.lang.String,java.lang.String)[pri:0, instance:testcases.AddCustomerTest@52719fb6]" started-at="2023-02-08T17:19:07 IST" name="addCustomer" data-provider="dataprovider" finished-at="2023-02-08T17:19:12 IST" duration-ms="5494" status="FAIL">
          <params>
            <param index="0">
              <value>
                <![CDATA[test1]]>
              </value>
            </param>
            <param index="1">
              <value>
                <![CDATA[check1]]>
              </value>
            </param>
            <param index="2">
              <value>
                <![CDATA[123456.0]]>
              </value>
            </param>
            <param index="3">
              <value>
                <![CDATA[Customer added successfully with customer id :]]>
              </value>
            </param>
            <param index="4">
              <value>
                <![CDATA[yes]]>
              </value>
            </param>
          </params>
          <exception class="java.lang.AssertionError">
            <message>
              <![CDATA[failed to add customer]]>
            </message>
            <full-stacktrace>
              <![CDATA[java.lang.AssertionError: failed to add customer
at org.testng.Assert.fail(Assert.java:110)
at testcases.AddCustomerTest.addCustomer(AddCustomerTest.java:88)
at java.base/jdk.internal.reflect.DirectMethodHandleAccessor.invoke(DirectMethodHandleAccessor.java:104)
at java.base/java.lang.reflect.Method.invoke(Method.java:578)
at org.testng.internal.invokers.MethodInvocationHelper.invokeMethod(MethodInvocationHelper.java:139)
at org.testng.internal.invokers.TestInvoker.invokeMethod(TestInvoker.java:677)
at org.testng.internal.invokers.TestInvoker.invokeTestMethod(TestInvoker.java:221)
at org.testng.internal.invokers.MethodRunner.runInSequence(MethodRunner.java:50)
at org.testng.internal.invokers.TestInvoker$MethodInvocationAgent.invoke(TestInvoker.java:969)
at org.testng.internal.invokers.TestInvoker.invokeTestMethods(TestInvoker.java:194)
at org.testng.internal.invokers.TestMethodWorker.invokeTestMethods(TestMethodWorker.java:148)
at org.testng.internal.invokers.TestMethodWorker.run(TestMethodWorker.java:128)
at java.base/java.util.ArrayList.forEach(ArrayList.java:1511)
at org.testng.TestRunner.privateRun(TestRunner.java:829)
at org.testng.TestRunner.run(TestRunner.java:602)
at org.testng.SuiteRunner.runTest(SuiteRunner.java:437)
at org.testng.SuiteRunner.runSequentially(SuiteRunner.java:431)
at org.testng.SuiteRunner.privateRun(SuiteRunner.java:391)
at org.testng.SuiteRunner.run(SuiteRunner.java:330)
at org.testng.SuiteRunnerWorker.runSuite(SuiteRunnerWorker.java:52)
at org.testng.SuiteRunnerWorker.run(SuiteRunnerWorker.java:95)
at org.testng.TestNG.runSuitesSequentially(TestNG.java:1256)
at org.testng.TestNG.runSuitesLocally(TestNG.java:1176)
at org.testng.TestNG.runSuites(TestNG.java:1099)
at org.testng.TestNG.run(TestNG.java:1067)
at org.testng.remote.AbstractRemoteTestNG.run(AbstractRemoteTestNG.java:115)
at org.testng.remote.RemoteTestNG.initAndRun(RemoteTestNG.java:251)
at org.testng.remote.RemoteTestNG.main(RemoteTestNG.java:77)
]]>
            </full-stacktrace>
          </exception> <!-- java.lang.AssertionError -->
          <reporter-output>
            <line>
              <![CDATA[Click on Bank_Manager_Login_Button]]>
            </line>
            <line>
              <![CDATA[Click on Add_Customer_Button]]>
            </line>
            <line>
              <![CDATA[Enter < test1 > in firstname]]>
            </line>
            <line>
              <![CDATA[Enter < check1 > in lastname]]>
            </line>
            <line>
              <![CDATA[Enter < 123456 > in postcode]]>
            </line>
            <line>
              <![CDATA[Click on Add_Customer_Button]]>
            </line>
            <line>
              <![CDATA[test passed]]>
            </line>
            <line>
              <![CDATA[<a href=E:\eclipse\Workspace\ProjectOne\test-output\screenshots\addCustomer\Wed_Feb_08_17_19_12_IST_2023.jpg>Screenshot</a>]]>
            </line>
            <line>
              <![CDATA[<a href=E:\eclipse\Workspace\ProjectOne\test-output\screenshots\addCustomer\Wed_Feb_08_17_19_12_IST_2023.jpg><img src=E:\eclipse\Workspace\ProjectOne\test-output\screenshots\addCustomer\Wed_Feb_08_17_19_12_IST_2023.jpg height=100 width=100></img></a>]]>
            </line>
          </reporter-output>
        </test-method> <!-- addCustomer -->
        <test-method signature="addCustomer(java.lang.String,java.lang.String,java.lang.Double,java.lang.String,java.lang.String)[pri:0, instance:testcases.AddCustomerTest@52719fb6]" started-at="2023-02-08T17:19:13 IST" name="addCustomer" data-provider="dataprovider" finished-at="2023-02-08T17:19:23 IST" duration-ms="10574" status="FAIL">
          <params>
            <param index="0">
              <value>
                <![CDATA[test2]]>
              </value>
            </param>
            <param index="1">
              <value>
                <![CDATA[check2]]>
              </value>
            </param>
            <param index="2">
              <value>
                <![CDATA[654321.0]]>
              </value>
            </param>
            <param index="3">
              <value>
                <![CDATA[Customer added successfully with customer id :]]>
              </value>
            </param>
            <param index="4">
              <value>
                <![CDATA[yes]]>
              </value>
            </param>
          </params>
          <exception class="java.lang.AssertionError">
            <message>
              <![CDATA[failed to add customer]]>
            </message>
            <full-stacktrace>
              <![CDATA[java.lang.AssertionError: failed to add customer
at org.testng.Assert.fail(Assert.java:110)
at testcases.AddCustomerTest.addCustomer(AddCustomerTest.java:88)
at java.base/jdk.internal.reflect.DirectMethodHandleAccessor.invoke(DirectMethodHandleAccessor.java:104)
at java.base/java.lang.reflect.Method.invoke(Method.java:578)
at org.testng.internal.invokers.MethodInvocationHelper.invokeMethod(MethodInvocationHelper.java:139)
at org.testng.internal.invokers.TestInvoker.invokeMethod(TestInvoker.java:677)
at org.testng.internal.invokers.TestInvoker.invokeTestMethod(TestInvoker.java:221)
at org.testng.internal.invokers.MethodRunner.runInSequence(MethodRunner.java:50)
at org.testng.internal.invokers.TestInvoker$MethodInvocationAgent.invoke(TestInvoker.java:969)
at org.testng.internal.invokers.TestInvoker.invokeTestMethods(TestInvoker.java:194)
at org.testng.internal.invokers.TestMethodWorker.invokeTestMethods(TestMethodWorker.java:148)
at org.testng.internal.invokers.TestMethodWorker.run(TestMethodWorker.java:128)
at java.base/java.util.ArrayList.forEach(ArrayList.java:1511)
at org.testng.TestRunner.privateRun(TestRunner.java:829)
at org.testng.TestRunner.run(TestRunner.java:602)
at org.testng.SuiteRunner.runTest(SuiteRunner.java:437)
at org.testng.SuiteRunner.runSequentially(SuiteRunner.java:431)
at org.testng.SuiteRunner.privateRun(SuiteRunner.java:391)
at org.testng.SuiteRunner.run(SuiteRunner.java:330)
at org.testng.SuiteRunnerWorker.runSuite(SuiteRunnerWorker.java:52)
at org.testng.SuiteRunnerWorker.run(SuiteRunnerWorker.java:95)
at org.testng.TestNG.runSuitesSequentially(TestNG.java:1256)
at org.testng.TestNG.runSuitesLocally(TestNG.java:1176)
at org.testng.TestNG.runSuites(TestNG.java:1099)
at org.testng.TestNG.run(TestNG.java:1067)
at org.testng.remote.AbstractRemoteTestNG.run(AbstractRemoteTestNG.java:115)
at org.testng.remote.RemoteTestNG.initAndRun(RemoteTestNG.java:251)
at org.testng.remote.RemoteTestNG.main(RemoteTestNG.java:77)
]]>
            </full-stacktrace>
          </exception> <!-- java.lang.AssertionError -->
          <reporter-output>
            <line>
              <![CDATA[Click on Add_Customer_Button]]>
            </line>
            <line>
              <![CDATA[Enter < test2 > in firstname]]>
            </line>
            <line>
              <![CDATA[Enter < check2 > in lastname]]>
            </line>
            <line>
              <![CDATA[Enter < 654321 > in postcode]]>
            </line>
            <line>
              <![CDATA[Click on Add_Customer_Button]]>
            </line>
            <line>
              <![CDATA[test passed]]>
            </line>
            <line>
              <![CDATA[<a href=E:\eclipse\Workspace\ProjectOne\test-output\screenshots\addCustomer\Wed_Feb_08_17_19_23_IST_2023.jpg>Screenshot</a>]]>
            </line>
            <line>
              <![CDATA[<a href=E:\eclipse\Workspace\ProjectOne\test-output\screenshots\addCustomer\Wed_Feb_08_17_19_23_IST_2023.jpg><img src=E:\eclipse\Workspace\ProjectOne\test-output\screenshots\addCustomer\Wed_Feb_08_17_19_23_IST_2023.jpg height=100 width=100></img></a>]]>
            </line>
          </reporter-output>
        </test-method> <!-- addCustomer -->
        <test-method is-config="true" signature="tearDown()[pri:0, instance:testcases.AddCustomerTest@52719fb6]" started-at="2023-02-08T17:19:24 IST" name="tearDown" finished-at="2023-02-08T17:19:24 IST" duration-ms="579" status="PASS">
          <reporter-output>
          </reporter-output>
        </test-method> <!-- tearDown -->
      </class> <!-- testcases.AddCustomerTest -->
    </test> <!-- AddCustomer -->
    <test started-at="2023-02-08T17:19:24 IST" name="OpenAccount" finished-at="2023-02-08T17:19:46 IST" duration-ms="22121">
      <class name="testcases.OpenAccountTest">
        <test-method is-config="true" signature="setUp(java.lang.String)[pri:0, instance:testcases.OpenAccountTest@5677323c]" started-at="2023-02-08T17:19:24 IST" name="setUp" finished-at="2023-02-08T17:19:31 IST" duration-ms="7085" status="PASS">
          <params>
            <param index="0">
              <value>
                <![CDATA[edge]]>
              </value>
            </param>
          </params>
          <reporter-output>
          </reporter-output>
        </test-method> <!-- setUp -->
        <test-method is-config="true" signature="excelFileSetup()[pri:0, instance:testcases.OpenAccountTest@5677323c]" started-at="2023-02-08T17:19:31 IST" name="excelFileSetup" finished-at="2023-02-08T17:19:31 IST" depends-on-methods="base.TestBase.setUp" duration-ms="46" status="PASS">
          <reporter-output>
          </reporter-output>
        </test-method> <!-- excelFileSetup -->
        <test-method is-config="true" signature="context(org.testng.ITestContext)[pri:0, instance:testcases.OpenAccountTest@5677323c]" started-at="2023-02-08T17:19:31 IST" name="context" finished-at="2023-02-08T17:19:31 IST" depends-on-methods="base.TestBase.excelFileSetup" duration-ms="1" status="PASS">
          <params>
            <param index="0">
              <value>
                <![CDATA[org.testng.TestRunner@4168f3d9]]>
              </value>
            </param>
          </params>
          <reporter-output>
          </reporter-output>
        </test-method> <!-- context -->
        <test-method signature="openAccount(java.lang.String,java.lang.String,java.lang.String)[pri:0, instance:testcases.OpenAccountTest@5677323c]" started-at="2023-02-08T17:19:31 IST" name="openAccount" data-provider="dataprovider" finished-at="2023-02-08T17:19:35 IST" duration-ms="3652" status="PASS">
          <params>
            <param index="0">
              <value>
                <![CDATA[test1]]>
              </value>
            </param>
            <param index="1">
              <value>
                <![CDATA[Rupee]]>
              </value>
            </param>
            <param index="2">
              <value>
                <![CDATA[yes]]>
              </value>
            </param>
          </params>
          <reporter-output>
            <line>
              <![CDATA[Click on Open_Account_Button]]>
            </line>
            <line>
              <![CDATA[Click on json.locators.OpenAccount.xpath]]>
            </line>
          </reporter-output>
        </test-method> <!-- openAccount -->
        <test-method signature="openAccount(java.lang.String,java.lang.String,java.lang.String)[pri:0, instance:testcases.OpenAccountTest@5677323c]" started-at="2023-02-08T17:19:35 IST" name="openAccount" data-provider="dataprovider" finished-at="2023-02-08T17:19:46 IST" duration-ms="10449" status="PASS">
          <params>
            <param index="0">
              <value>
                <![CDATA[test2]]>
              </value>
            </param>
            <param index="1">
              <value>
                <![CDATA[Pound]]>
              </value>
            </param>
            <param index="2">
              <value>
                <![CDATA[yes]]>
              </value>
            </param>
          </params>
          <reporter-output>
            <line>
              <![CDATA[Click on Open_Account_Button]]>
            </line>
            <line>
              <![CDATA[Click on json.locators.OpenAccount.xpath]]>
            </line>
          </reporter-output>
        </test-method> <!-- openAccount -->
        <test-method signature="openAccount(java.lang.String,java.lang.String,java.lang.String)[pri:0, instance:testcases.OpenAccountTest@5677323c]" started-at="2023-02-08T17:19:46 IST" name="openAccount" data-provider="dataprovider" finished-at="2023-02-08T17:19:46 IST" duration-ms="127" status="SKIP">
          <params>
            <param index="0">
              <value>
                <![CDATA[test3]]>
              </value>
            </param>
            <param index="1">
              <value>
                <![CDATA[dollar]]>
              </value>
            </param>
            <param index="2">
              <value>
                <![CDATA[no]]>
              </value>
            </param>
          </params>
          <exception class="org.testng.SkipException">
            <message>
              <![CDATA[Test skipped for dataset]]>
            </message>
            <full-stacktrace>
              <![CDATA[org.testng.SkipException: Test skipped for dataset
at testcases.OpenAccountTest.openAccount(OpenAccountTest.java:33)
at java.base/jdk.internal.reflect.DirectMethodHandleAccessor.invoke(DirectMethodHandleAccessor.java:104)
at java.base/java.lang.reflect.Method.invoke(Method.java:578)
at org.testng.internal.invokers.MethodInvocationHelper.invokeMethod(MethodInvocationHelper.java:139)
at org.testng.internal.invokers.TestInvoker.invokeMethod(TestInvoker.java:677)
at org.testng.internal.invokers.TestInvoker.invokeTestMethod(TestInvoker.java:221)
at org.testng.internal.invokers.MethodRunner.runInSequence(MethodRunner.java:50)
at org.testng.internal.invokers.TestInvoker$MethodInvocationAgent.invoke(TestInvoker.java:969)
at org.testng.internal.invokers.TestInvoker.invokeTestMethods(TestInvoker.java:194)
at org.testng.internal.invokers.TestMethodWorker.invokeTestMethods(TestMethodWorker.java:148)
at org.testng.internal.invokers.TestMethodWorker.run(TestMethodWorker.java:128)
at java.base/java.util.ArrayList.forEach(ArrayList.java:1511)
at org.testng.TestRunner.privateRun(TestRunner.java:829)
at org.testng.TestRunner.run(TestRunner.java:602)
at org.testng.SuiteRunner.runTest(SuiteRunner.java:437)
at org.testng.SuiteRunner.runSequentially(SuiteRunner.java:431)
at org.testng.SuiteRunner.privateRun(SuiteRunner.java:391)
at org.testng.SuiteRunner.run(SuiteRunner.java:330)
at org.testng.SuiteRunnerWorker.runSuite(SuiteRunnerWorker.java:52)
at org.testng.SuiteRunnerWorker.run(SuiteRunnerWorker.java:95)
at org.testng.TestNG.runSuitesSequentially(TestNG.java:1256)
at org.testng.TestNG.runSuitesLocally(TestNG.java:1176)
at org.testng.TestNG.runSuites(TestNG.java:1099)
at org.testng.TestNG.run(TestNG.java:1067)
at org.testng.remote.AbstractRemoteTestNG.run(AbstractRemoteTestNG.java:115)
at org.testng.remote.RemoteTestNG.initAndRun(RemoteTestNG.java:251)
at org.testng.remote.RemoteTestNG.main(RemoteTestNG.java:77)
]]>
            </full-stacktrace>
          </exception> <!-- org.testng.SkipException -->
          <reporter-output>
          </reporter-output>
        </test-method> <!-- openAccount -->
        <test-method is-config="true" signature="tearDown()[pri:0, instance:testcases.OpenAccountTest@5677323c]" started-at="2023-02-08T17:19:46 IST" name="tearDown" finished-at="2023-02-08T17:19:46 IST" duration-ms="681" status="PASS">
          <reporter-output>
          </reporter-output>
        </test-method> <!-- tearDown -->
      </class> <!-- testcases.OpenAccountTest -->
    </test> <!-- OpenAccount -->
  </suite> <!-- DataDrivenSuite -->
</testng-results>
