<html>
<head>
<title>TestNG:  AddCustomer</title>
<link href="../testng.css" rel="stylesheet" type="text/css" />
<link href="../my-testng.css" rel="stylesheet" type="text/css" />

<style type="text/css">
.log { display: none;} 
.stack-trace { display: none;} 
</style>
<script type="text/javascript">
<!--
function flip(e) {
  current = e.style.display;
  if (current == 'block') {
    e.style.display = 'none';
    return 0;
  }
  else {
    e.style.display = 'block';
    return 1;
  }
}

function toggleBox(szDivId, elem, msg1, msg2)
{
  var res = -1;  if (document.getElementById) {
    res = flip(document.getElementById(szDivId));
  }
  else if (document.all) {
    // this is the way old msie versions work
    res = flip(document.all[szDivId]);
  }
  if(elem) {
    if(res == 0) elem.innerHTML = msg1; else elem.innerHTML = msg2;
  }

}

function toggleAllBoxes() {
  if (document.getElementsByTagName) {
    d = document.getElementsByTagName('div');
    for (i = 0; i < d.length; i++) {
      if (d[i].className == 'log') {
        flip(d[i]);
      }
    }
  }
}

// -->
</script>

</head>
<body>
<h2 align='center'>AddCustomer</h2><table border='1' align="center">
<tr>
<td>Tests passed/Failed/Skipped:</td><td>0/2/0</td>
</tr><tr>
<td>Started on:</td><td>Wed Feb 08 17:19:00 IST 2023</td>
</tr>
<tr><td>Total time:</td><td>23 seconds (23802 ms)</td>
</tr><tr>
<td>Included groups:</td><td></td>
</tr><tr>
<td>Excluded groups:</td><td></td>
</tr>
</table><p/>
<small><i>(Hover the method name to see the test class name)</i></small><p/>
<table width='100%' border='1' class='invocation-failed'>
<tr><td colspan='4' align='center'><b>FAILED TESTS</b></td></tr>
<tr><td><b>Test method</b></td>
<td><b>Attribute(s)</b></td>
<td width="30%"><b>Exception</b></td>
<td width="10%"><b>Time (seconds)</b></td>
<td><b>Instance</b></td>
</tr>
<tr>
<td title='testcases.AddCustomerTest.addCustomer()'><b>addCustomer</b><br>Test class: testcases.AddCustomerTest<br>Parameters: test1, check1, 123456.0, Customer added successfully with customer id :, yes<br/>
<a href="#Output-2069584894" onClick='toggleBox("Output-2069584894", this, "Show output", "Hide output");'>Show output</a>

<a href="#Output-2069584894" onClick="toggleAllBoxes();">Show all outputs</a>
<div class='log' id="Output-2069584894">
Click on Bank_Manager_Login_Button<br/>
Click on Add_Customer_Button<br/>
Enter < test1 > in firstname<br/>
Enter < check1 > in lastname<br/>
Enter < 123456 > in postcode<br/>
Click on Add_Customer_Button<br/>
test passed<br/>
<a href=E:\eclipse\Workspace\ProjectOne\test-output\screenshots\addCustomer\Wed_Feb_08_17_19_12_IST_2023.jpg>Screenshot</a><br/>
<a href=E:\eclipse\Workspace\ProjectOne\test-output\screenshots\addCustomer\Wed_Feb_08_17_19_12_IST_2023.jpg><img src=E:\eclipse\Workspace\ProjectOne\test-output\screenshots\addCustomer\Wed_Feb_08_17_19_12_IST_2023.jpg height=100 width=100></img></a><br/>
</div>
</td>
<td><div><pre>java.lang.AssertionError: failed to add customer
	at testcases.AddCustomerTest.addCustomer(AddCustomerTest.java:88)
	at java.base/java.util.ArrayList.forEach(ArrayList.java:1511)
... Removed 26 stack frames</pre></div><a href='#' onClick='toggleBox("stack-trace2069584894", this, "Click to show all stack frames", "Click to hide stack frames")'>Click to show all stack frames</a>
<div class='stack-trace' id='stack-trace2069584894'><pre>java.lang.AssertionError: failed to add customer
	at org.testng.Assert.fail(Assert.java:110)
	at testcases.AddCustomerTest.addCustomer(AddCustomerTest.java:88)
	at java.base/jdk.internal.reflect.DirectMethodHandleAccessor.invoke(DirectMethodHandleAccessor.java:104)
	at java.base/java.lang.reflect.Method.invoke(Method.java:578)
	at org.testng.internal.invokers.MethodInvocationHelper.invokeMethod(MethodInvocationHelper.java:139)
	at org.testng.internal.invokers.TestInvoker.invokeMethod(TestInvoker.java:677)
	at org.testng.internal.invokers.TestInvoker.invokeTestMethod(TestInvoker.java:221)
	at org.testng.internal.invokers.MethodRunner.runInSequence(MethodRunner.java:50)
	at org.testng.internal.invokers.TestInvoker$MethodInvocationAgent.invoke(TestInvoker.java:969)
	at org.testng.internal.invokers.TestInvoker.invokeTestMethods(TestInvoker.java:194)
	at org.testng.internal.invokers.TestMethodWorker.invokeTestMethods(TestMethodWorker.java:148)
	at org.testng.internal.invokers.TestMethodWorker.run(TestMethodWorker.java:128)
	at java.base/java.util.ArrayList.forEach(ArrayList.java:1511)
	at org.testng.TestRunner.privateRun(TestRunner.java:829)
	at org.testng.TestRunner.run(TestRunner.java:602)
	at org.testng.SuiteRunner.runTest(SuiteRunner.java:437)
	at org.testng.SuiteRunner.runSequentially(SuiteRunner.java:431)
	at org.testng.SuiteRunner.privateRun(SuiteRunner.java:391)
	at org.testng.SuiteRunner.run(SuiteRunner.java:330)
	at org.testng.SuiteRunnerWorker.runSuite(SuiteRunnerWorker.java:52)
	at org.testng.SuiteRunnerWorker.run(SuiteRunnerWorker.java:95)
	at org.testng.TestNG.runSuitesSequentially(TestNG.java:1256)
	at org.testng.TestNG.runSuitesLocally(TestNG.java:1176)
	at org.testng.TestNG.runSuites(TestNG.java:1099)
	at org.testng.TestNG.run(TestNG.java:1067)
	at org.testng.remote.AbstractRemoteTestNG.run(AbstractRemoteTestNG.java:115)
	at org.testng.remote.RemoteTestNG.initAndRun(RemoteTestNG.java:251)
	at org.testng.remote.RemoteTestNG.main(RemoteTestNG.java:77)
</pre></div></td>
<td>5</td>
<td>testcases.AddCustomerTest@52719fb6</td></tr>
<tr>
<td title='testcases.AddCustomerTest.addCustomer()'><b>addCustomer</b><br>Test class: testcases.AddCustomerTest<br>Parameters: test2, check2, 654321.0, Customer added successfully with customer id :, yes<br/>
<a href="#Output-704530496" onClick='toggleBox("Output-704530496", this, "Show output", "Hide output");'>Show output</a>

<a href="#Output-704530496" onClick="toggleAllBoxes();">Show all outputs</a>
<div class='log' id="Output-704530496">
Click on Add_Customer_Button<br/>
Enter < test2 > in firstname<br/>
Enter < check2 > in lastname<br/>
Enter < 654321 > in postcode<br/>
Click on Add_Customer_Button<br/>
test passed<br/>
<a href=E:\eclipse\Workspace\ProjectOne\test-output\screenshots\addCustomer\Wed_Feb_08_17_19_23_IST_2023.jpg>Screenshot</a><br/>
<a href=E:\eclipse\Workspace\ProjectOne\test-output\screenshots\addCustomer\Wed_Feb_08_17_19_23_IST_2023.jpg><img src=E:\eclipse\Workspace\ProjectOne\test-output\screenshots\addCustomer\Wed_Feb_08_17_19_23_IST_2023.jpg height=100 width=100></img></a><br/>
</div>
</td>
<td><div><pre>java.lang.AssertionError: failed to add customer
	at testcases.AddCustomerTest.addCustomer(AddCustomerTest.java:88)
	at java.base/java.util.ArrayList.forEach(ArrayList.java:1511)
... Removed 26 stack frames</pre></div><a href='#' onClick='toggleBox("stack-trace704530496", this, "Click to show all stack frames", "Click to hide stack frames")'>Click to show all stack frames</a>
<div class='stack-trace' id='stack-trace704530496'><pre>java.lang.AssertionError: failed to add customer
	at org.testng.Assert.fail(Assert.java:110)
	at testcases.AddCustomerTest.addCustomer(AddCustomerTest.java:88)
	at java.base/jdk.internal.reflect.DirectMethodHandleAccessor.invoke(DirectMethodHandleAccessor.java:104)
	at java.base/java.lang.reflect.Method.invoke(Method.java:578)
	at org.testng.internal.invokers.MethodInvocationHelper.invokeMethod(MethodInvocationHelper.java:139)
	at org.testng.internal.invokers.TestInvoker.invokeMethod(TestInvoker.java:677)
	at org.testng.internal.invokers.TestInvoker.invokeTestMethod(TestInvoker.java:221)
	at org.testng.internal.invokers.MethodRunner.runInSequence(MethodRunner.java:50)
	at org.testng.internal.invokers.TestInvoker$MethodInvocationAgent.invoke(TestInvoker.java:969)
	at org.testng.internal.invokers.TestInvoker.invokeTestMethods(TestInvoker.java:194)
	at org.testng.internal.invokers.TestMethodWorker.invokeTestMethods(TestMethodWorker.java:148)
	at org.testng.internal.invokers.TestMethodWorker.run(TestMethodWorker.java:128)
	at java.base/java.util.ArrayList.forEach(ArrayList.java:1511)
	at org.testng.TestRunner.privateRun(TestRunner.java:829)
	at org.testng.TestRunner.run(TestRunner.java:602)
	at org.testng.SuiteRunner.runTest(SuiteRunner.java:437)
	at org.testng.SuiteRunner.runSequentially(SuiteRunner.java:431)
	at org.testng.SuiteRunner.privateRun(SuiteRunner.java:391)
	at org.testng.SuiteRunner.run(SuiteRunner.java:330)
	at org.testng.SuiteRunnerWorker.runSuite(SuiteRunnerWorker.java:52)
	at org.testng.SuiteRunnerWorker.run(SuiteRunnerWorker.java:95)
	at org.testng.TestNG.runSuitesSequentially(TestNG.java:1256)
	at org.testng.TestNG.runSuitesLocally(TestNG.java:1176)
	at org.testng.TestNG.runSuites(TestNG.java:1099)
	at org.testng.TestNG.run(TestNG.java:1067)
	at org.testng.remote.AbstractRemoteTestNG.run(AbstractRemoteTestNG.java:115)
	at org.testng.remote.RemoteTestNG.initAndRun(RemoteTestNG.java:251)
	at org.testng.remote.RemoteTestNG.main(RemoteTestNG.java:77)
</pre></div></td>
<td>10</td>
<td>testcases.AddCustomerTest@52719fb6</td></tr>
</table><p>
</body>
</html>